<?xml version="1.0" encoding="UTF-8"?>
<testng-results ignored="0" total="1" passed="1" failed="0" skipped="0">
  <reporter-output>
  </reporter-output>
  <suite started-at="2024-12-01T17:56:33 IST" name="Default suite" finished-at="2024-12-01T17:56:36 IST" duration-ms="2213">
    <groups>
    </groups>
    <test started-at="2024-12-01T17:56:33 IST" name="Default test" finished-at="2024-12-01T17:56:36 IST" duration-ms="2213">
      <class name="RestAssured.TestNgExam">
        <test-method signature="sum()[pri:0, instance:RestAssured.TestNgExam@7561db12]" started-at="2024-12-01T17:56:33 IST" name="sum" finished-at="2024-12-01T17:56:36 IST" duration-ms="2130" status="PASS">
          <reporter-output>
          </reporter-output>
        </test-method> <!-- sum -->
      </class> <!-- RestAssured.TestNgExam -->
    </test> <!-- Default test -->
  </suite> <!-- Default suite -->
</testng-results>
